<?xml version="1.0" encoding="UTF-8"?>
<!-- Generated by org.testng.reporters.JUnitXMLReporter -->
<testsuite ignored="0" hostname="DESKTOP-H1VEQ1F" failures="0" tests="6" name="Test" time="49.608" errors="0" timestamp="2023-08-04T08:38:22 IST">
  <testcase classname="Tutorial1.LoginPageTest" name="loginFunctionality" time="1.115"/>
  <testcase classname="Tutorial1.HomePageTest" name="validateHomePageTitle" time="1.661"/>
  <testcase classname="Tutorial1.HomePageTest" name="validateHomePageUrl" time="0.02"/>
  <testcase classname="Tutorial1.PIMPageTest" name="validateUserIsOnPIMPage" time="1.801"/>
  <testcase classname="Tutorial1.PIMPageTest" name="validateNewUser" time="7.187"/>
  <testcase classname="Tutorial1.PIMPageTest" name="validateAddMoreDetailsFunctionality" time="29.507"/>
</testsuite> <!-- Test -->
