<?xml version="1.0" encoding="UTF-8"?>
<testng-results ignored="0" total="6" passed="6" failed="0" skipped="0">
  <reporter-output>
  </reporter-output>
  <suite started-at="2023-08-04T08:37:32 IST" name="Suite" finished-at="2023-08-04T08:38:22 IST" duration-ms="49608">
    <groups>
      <group name="EndToEndTesting">
        <method signature="HomePageTest.validateHomePageTitle()[pri:1, instance:Tutorial1.HomePageTest@3f191845]" name="validateHomePageTitle" class="Tutorial1.HomePageTest"/>
        <method signature="LoginPageTest.loginFunctionality(java.lang.String,java.lang.String)[pri:1, instance:Tutorial1.LoginPageTest@4a83a74a]" name="loginFunctionality" class="Tutorial1.LoginPageTest"/>
        <method signature="PIMPageTest.validateUserIsOnPIMPage()[pri:1, instance:Tutorial1.PIMPageTest@5f049ea1]" name="validateUserIsOnPIMPage" class="Tutorial1.PIMPageTest"/>
        <method signature="HomePageTest.validateHomePageUrl()[pri:2, instance:Tutorial1.HomePageTest@3f191845]" name="validateHomePageUrl" class="Tutorial1.HomePageTest"/>
        <method signature="PIMPageTest.validateNewUser(java.lang.String,java.lang.String,java.lang.String)[pri:2, instance:Tutorial1.PIMPageTest@5f049ea1]" name="validateNewUser" class="Tutorial1.PIMPageTest"/>
        <method signature="PIMPageTest.validateAddMoreDetailsFunctionality(java.lang.String)[pri:3, instance:Tutorial1.PIMPageTest@5f049ea1]" name="validateAddMoreDetailsFunctionality" class="Tutorial1.PIMPageTest"/>
      </group> <!-- EndToEndTesting -->
      <group name="HomePage">
        <method signature="HomePageTest.validateHomePageTitle()[pri:1, instance:Tutorial1.HomePageTest@3f191845]" name="validateHomePageTitle" class="Tutorial1.HomePageTest"/>
        <method signature="HomePageTest.validateHomePageUrl()[pri:2, instance:Tutorial1.HomePageTest@3f191845]" name="validateHomePageUrl" class="Tutorial1.HomePageTest"/>
      </group> <!-- HomePage -->
      <group name="PIMPage">
        <method signature="PIMPageTest.validateUserIsOnPIMPage()[pri:1, instance:Tutorial1.PIMPageTest@5f049ea1]" name="validateUserIsOnPIMPage" class="Tutorial1.PIMPageTest"/>
        <method signature="PIMPageTest.validateNewUser(java.lang.String,java.lang.String,java.lang.String)[pri:2, instance:Tutorial1.PIMPageTest@5f049ea1]" name="validateNewUser" class="Tutorial1.PIMPageTest"/>
        <method signature="PIMPageTest.validateAddMoreDetailsFunctionality(java.lang.String)[pri:3, instance:Tutorial1.PIMPageTest@5f049ea1]" name="validateAddMoreDetailsFunctionality" class="Tutorial1.PIMPageTest"/>
      </group> <!-- PIMPage -->
      <group name="LoginPage">
        <method signature="LoginPageTest.loginFunctionality(java.lang.String,java.lang.String)[pri:1, instance:Tutorial1.LoginPageTest@4a83a74a]" name="loginFunctionality" class="Tutorial1.LoginPageTest"/>
      </group> <!-- LoginPage -->
    </groups>
    <test started-at="2023-08-04T08:37:32 IST" name="Test" finished-at="2023-08-04T08:38:22 IST" duration-ms="49608">
      <class name="Tutorial1.HomePageTest">
        <test-method signature="validateHomePageTitle()[pri:1, instance:Tutorial1.HomePageTest@3f191845]" started-at="2023-08-04T08:37:41 IST" name="validateHomePageTitle" depends-on-groups="LoginPage" finished-at="2023-08-04T08:37:43 IST" duration-ms="1661" status="PASS">
          <reporter-output>
          </reporter-output>
        </test-method> <!-- validateHomePageTitle -->
        <test-method signature="validateHomePageUrl()[pri:2, instance:Tutorial1.HomePageTest@3f191845]" started-at="2023-08-04T08:37:43 IST" name="validateHomePageUrl" depends-on-groups="LoginPage" finished-at="2023-08-04T08:37:43 IST" duration-ms="20" status="PASS">
          <reporter-output>
          </reporter-output>
        </test-method> <!-- validateHomePageUrl -->
      </class> <!-- Tutorial1.HomePageTest -->
      <class name="Tutorial1.PIMPageTest">
        <test-method signature="validateUserIsOnPIMPage()[pri:1, instance:Tutorial1.PIMPageTest@5f049ea1]" started-at="2023-08-04T08:37:43 IST" name="validateUserIsOnPIMPage" depends-on-groups="HomePage" finished-at="2023-08-04T08:37:45 IST" duration-ms="1801" status="PASS">
          <reporter-output>
          </reporter-output>
        </test-method> <!-- validateUserIsOnPIMPage -->
        <test-method signature="validateNewUser(java.lang.String,java.lang.String,java.lang.String)[pri:2, instance:Tutorial1.PIMPageTest@5f049ea1]" started-at="2023-08-04T08:37:45 IST" name="validateNewUser" depends-on-groups="HomePage" finished-at="2023-08-04T08:37:52 IST" duration-ms="7187" status="PASS">
          <params>
            <param index="0">
              <value>
                <![CDATA[Rukhsar]]>
              </value>
            </param>
            <param index="1">
              <value>
                <![CDATA[imran]]>
              </value>
            </param>
            <param index="2">
              <value>
                <![CDATA[bhaishaikh]]>
              </value>
            </param>
          </params>
          <reporter-output>
          </reporter-output>
        </test-method> <!-- validateNewUser -->
        <test-method signature="validateAddMoreDetailsFunctionality(java.lang.String)[pri:3, instance:Tutorial1.PIMPageTest@5f049ea1]" started-at="2023-08-04T08:37:52 IST" name="validateAddMoreDetailsFunctionality" depends-on-groups="HomePage" finished-at="2023-08-04T08:38:22 IST" duration-ms="29507" status="PASS">
          <params>
            <param index="0">
              <value>
                <![CDATA[Indian]]>
              </value>
            </param>
          </params>
          <reporter-output>
          </reporter-output>
        </test-method> <!-- validateAddMoreDetailsFunctionality -->
      </class> <!-- Tutorial1.PIMPageTest -->
      <class name="Tutorial1.LoginPageTest">
        <test-method is-config="true" signature="setUp()[pri:0, instance:Tutorial1.LoginPageTest@4a83a74a]" started-at="2023-08-04T08:37:32 IST" name="setUp" finished-at="2023-08-04T08:37:40 IST" duration-ms="8084" status="PASS">
          <reporter-output>
          </reporter-output>
        </test-method> <!-- setUp -->
        <test-method signature="loginFunctionality(java.lang.String,java.lang.String)[pri:1, instance:Tutorial1.LoginPageTest@4a83a74a]" started-at="2023-08-04T08:37:40 IST" name="loginFunctionality" finished-at="2023-08-04T08:37:41 IST" duration-ms="1115" status="PASS">
          <params>
            <param index="0">
              <value>
                <![CDATA[Admin]]>
              </value>
            </param>
            <param index="1">
              <value>
                <![CDATA[admin123]]>
              </value>
            </param>
          </params>
          <reporter-output>
          </reporter-output>
        </test-method> <!-- loginFunctionality -->
        <test-method is-config="true" signature="tearDown()[pri:0, instance:Tutorial1.LoginPageTest@4a83a74a]" started-at="2023-08-04T08:38:22 IST" name="tearDown" finished-at="2023-08-04T08:38:22 IST" duration-ms="1" status="PASS">
          <reporter-output>
          </reporter-output>
        </test-method> <!-- tearDown -->
      </class> <!-- Tutorial1.LoginPageTest -->
    </test> <!-- Test -->
  </suite> <!-- Suite -->
</testng-results>
